stdout: 
> customer_screen@0.1.0 start
> react-scripts start


stdout: Starting the development server...


stdout: Compiled with warnings.


stdout: [eslint] 
src\components\MainScreen.jsx
  Line 60:6:   React Hook useEffect has a missing dependency: 'webSocketData'. Either include it or remove the dependency array  react-hooks/exhaustive-deps
  Line 97:27:  Expected '===' and instead saw '=='                                                                               eqeqeq

src\components\MainScreenWrapper.jsx
  Line 7:9:  'navigate' is assigned a value but never used  no-unused-vars

stdout: 
Search for the keywords to learn more about each warning.
To ignore, add // eslint-disable-next-line to the line before.


stdout: [1m[33mWARNING[39m[22m in [1m[eslint] 
src\components\MainScreen.jsx
  Line 60:6:   React Hook useEffect has a missing dependency: 'webSocketData'. Either include it or remove the dependency array  react-hooks/exhaustive-deps
  Line 97:27:  Expected '===' and instead saw '=='                                                                               eqeqeq

src\components\MainScreenWrapper.jsx
  Line 7:9:  'navigate' is assigned a value but never used  no-unused-vars

[39m[22m

webpack compiled with [1m[33m1 warning[39m[22m

child process exited with code 4294967295
stdout: 
> customer_screen@0.1.0 start
> react-scripts start


stdout: Starting the development server...


stdout: Compiled successfully!

stdout: 
You can now view customer_screen in the browser.

stdout: 
  Local:            http://localhost:3000
  On Your Network:  http://192.168.68.123:3000

stdout: 
Note that the development build is not optimized.
To create a production build, use npm run build.


stdout: webpack compiled [1m[32msuccessfully[39m[22m

stdout: 
> customer_screen@0.1.0 start
> react-scripts start


stdout: Starting the development server...


stdout: Compiled successfully!

stdout: 
You can now view customer_screen in the browser.


stdout:   Local:            http://localhost:3000
  On Your Network:  http://192.168.68.121:3000

Note that the development build is not optimized.
To create a production build, use npm run build.

stdout: 

stdout: webpack compiled [1m[32msuccessfully[39m[22m

stdout: Compiling...

stdout: Compiled successfully!

stdout: webpack compiled [1m[32msuccessfully[39m[22m

child process exited with code 4294967295
stdout: 
> customer_screen@0.1.0 start
> react-scripts start


stdout: Starting the development server...


stdout: Compiled successfully!

stdout: 

stdout: You can now view customer_screen in the browser.

  Local:            http://localhost:3000
  On Your Network:  http://192.168.68.121:3000

Note that the development build is not optimized.

stdout: To create a production build, use npm run build.


stdout: webpack compiled [1m[32msuccessfully[39m[22m

stdout: 
> customer_screen@0.1.0 start
> set PORT=5000 && react-scripts start


stdout: Something is already running on port 5000.

child process exited with code 0
stdout: 
> customer_screen@0.1.0 start
> set PORT=5000 && react-scripts start


stdout: Something is already running on port 5000.

child process exited with code 0
stdout: 
> customer_screen@0.1.0 start
> set PORT=5000 && react-scripts start


stdout: Starting the development server...


stdout: Compiled with warnings.


stdout: [eslint] 
src\components\MainScreen.jsx
  Line 60:6:   React Hook useEffect has a missing dependency: 'webSocketData'. Either include it or remove the dependency array  react-hooks/exhaustive-deps
  Line 97:27:  Expected '===' and instead saw '=='                                                                               eqeqeq

src\components\MainScreenWrapper.jsx
  Line 7:9:  'navigate' is assigned a value but never used  no-unused-vars

Search for the keywords to learn more about each warning.
To ignore, add // eslint-disable-next-line to the line before.


stdout: [1m[33mWARNING[39m[22m in [1m[eslint] 
src\components\MainScreen.jsx
  Line 60:6:   React Hook useEffect has a missing dependency: 'webSocketData'. Either include it or remove the dependency array  react-hooks/exhaustive-deps
  Line 97:27:  Expected '===' and instead saw '=='                                                                               eqeqeq

src\components\MainScreenWrapper.jsx
  Line 7:9:  'navigate' is assigned a value but never used  no-unused-vars

[39m[22m

webpack compiled with [1m[33m1 warning[39m[22m

child process exited with code 4294967295
stdout: 
> customer_screen@0.1.0 start
> set PORT=5000 && react-scripts start


stdout: Starting the development server...


stdout: Compiled successfully!

stdout: 

stdout: You can now view customer_screen in the browser.

  Local:            http://localhost:5000
  On Your Network:  http://192.168.68.121:5000

Note that the development build is not optimized.
To create a production build, use npm run build.


stdout: webpack compiled [1m[32msuccessfully[39m[22m

