2024-08-21 12:53:06 - Starting C:\Program Files\nodejs\node.exe  --harmony D:\customer_screen\node_modules\node-windows\lib\wrapper.js --file D:\customer_screen\startProject.js --scriptoptions= --log "customerScreen_reactjs wrapper" --grow 0.25 --wait 1 --maxrestarts 3 --abortonerror n --stopparentfirst undefined
2024-08-21 12:53:06 - Started 6120
2024-08-21 12:53:29 - Stopping customerscreen_reactjs.exe
2024-08-21 12:53:29 - ProcessKill 6120
2024-08-21 12:53:29 - Found child process: 10188 Name: conhost.exe
2024-08-21 12:53:29 - Found child process: 504 Name: node.exe
2024-08-21 12:53:29 - Stopping process 10188
2024-08-21 12:53:29 - Send SIGINT 10188
2024-08-21 12:53:29 - SIGINT to 10188 failed - Killing as fallback
2024-08-21 12:53:29 - Found child process: 1688 Name: cmd.exe
2024-08-21 12:53:29 - Found child process: 6080 Name: conhost.exe
2024-08-21 12:53:29 - Found child process: 10164 Name: node.exe
2024-08-21 12:53:29 - Stopping process 6080
2024-08-21 12:53:29 - Send SIGINT 6080
2024-08-21 12:53:29 - SIGINT to 6080 failed - Killing as fallback
2024-08-21 12:53:29 - Found child process: 5736 Name: cmd.exe
2024-08-21 12:53:29 - Found child process: 11356 Name: node.exe
2024-08-21 12:53:29 - Found child process: 8272 Name: node.exe
2024-08-21 12:53:29 - Stopping process 8272
2024-08-21 12:53:29 - Send SIGINT 8272
2024-08-21 12:53:29 - SIGINT to 8272 failed - Killing as fallback
2024-08-21 12:53:29 - Stopping process 11356
2024-08-21 12:53:29 - Send SIGINT 11356
2024-08-21 12:53:29 - SIGINT to 11356 failed - Killing as fallback
2024-08-21 12:53:29 - Stopping process 5736
2024-08-21 12:53:29 - Send SIGINT 5736
2024-08-21 12:53:29 - SIGINT to 5736 failed - Killing as fallback
2024-08-21 12:53:29 - Stopping process 10164
2024-08-21 12:53:29 - Send SIGINT 10164
2024-08-21 12:53:29 - SIGINT to 10164 failed - Killing as fallback
2024-08-21 12:53:29 - Stopping process 1688
2024-08-21 12:53:29 - Send SIGINT 1688
2024-08-21 12:53:29 - SIGINT to 1688 failed - Killing as fallback
2024-08-21 12:53:29 - Stopping process 504
2024-08-21 12:53:29 - Send SIGINT 504
2024-08-21 12:53:29 - SIGINT to 504 failed - Killing as fallback
2024-08-21 12:53:29 - Stopping process 6120
2024-08-21 12:53:29 - Send SIGINT 6120
2024-08-21 12:53:29 - SIGINT to 6120 failed - Killing as fallback
2024-08-21 12:53:29 - Finished customerscreen_reactjs.exe
2024-08-21 12:53:30 - Starting C:\Program Files\nodejs\node.exe  --harmony D:\customer_screen\node_modules\node-windows\lib\wrapper.js --file D:\customer_screen\startProject.js --scriptoptions= --log "customerScreen_reactjs wrapper" --grow 0.25 --wait 1 --maxrestarts 3 --abortonerror n --stopparentfirst undefined
2024-08-21 12:53:30 - Started 4720
2024-08-21 12:53:41 - Stopping customerscreen_reactjs.exe
2024-08-21 12:53:41 - ProcessKill 4720
2024-08-21 12:53:41 - Found child process: 2220 Name: conhost.exe
2024-08-21 12:53:41 - Found child process: 2104 Name: node.exe
2024-08-21 12:53:41 - Stopping process 2220
2024-08-21 12:53:41 - Send SIGINT 2220
2024-08-21 12:53:41 - SIGINT to 2220 failed - Killing as fallback
2024-08-21 12:53:42 - Found child process: 1624 Name: cmd.exe
2024-08-21 12:53:42 - Found child process: 6084 Name: conhost.exe
2024-08-21 12:53:42 - Found child process: 1924 Name: node.exe
2024-08-21 12:53:42 - Stopping process 6084
2024-08-21 12:53:42 - Send SIGINT 6084
2024-08-21 12:53:42 - SIGINT to 6084 failed - Killing as fallback
2024-08-21 12:53:42 - Found child process: 4712 Name: cmd.exe
2024-08-21 12:53:42 - Found child process: 4156 Name: node.exe
2024-08-21 12:53:42 - Found child process: 5472 Name: node.exe
2024-08-21 12:53:42 - Stopping process 5472
2024-08-21 12:53:42 - Send SIGINT 5472
2024-08-21 12:53:42 - SIGINT to 5472 failed - Killing as fallback
2024-08-21 12:53:42 - Stopping process 4156
2024-08-21 12:53:42 - Send SIGINT 4156
2024-08-21 12:53:42 - SIGINT to 4156 failed - Killing as fallback
2024-08-21 12:53:42 - Stopping process 4712
2024-08-21 12:53:42 - Send SIGINT 4712
2024-08-21 12:53:42 - SIGINT to 4712 failed - Killing as fallback
2024-08-21 12:53:42 - Stopping process 1924
2024-08-21 12:53:42 - Send SIGINT 1924
2024-08-21 12:53:42 - SIGINT to 1924 failed - Killing as fallback
2024-08-21 12:53:42 - Stopping process 1624
2024-08-21 12:53:42 - Send SIGINT 1624
2024-08-21 12:53:42 - SIGINT to 1624 failed - Killing as fallback
2024-08-21 12:53:42 - Stopping process 2104
2024-08-21 12:53:42 - Send SIGINT 2104
2024-08-21 12:53:42 - SIGINT to 2104 failed - Killing as fallback
2024-08-21 12:53:42 - Stopping process 4720
2024-08-21 12:53:42 - Send SIGINT 4720
2024-08-21 12:53:42 - SIGINT to 4720 failed - Killing as fallback
2024-08-21 12:53:42 - Finished customerscreen_reactjs.exe
2024-08-21 12:53:51 - Starting C:\Program Files\nodejs\node.exe  --harmony D:\customer_screen\node_modules\node-windows\lib\wrapper.js --file D:\customer_screen\startProject.js --scriptoptions= --log "customerScreen_reactjs wrapper" --grow 0.25 --wait 1 --maxrestarts 3 --abortonerror n --stopparentfirst undefined
2024-08-21 12:53:51 - Started 1324
2024-08-22 18:35:44 - Stopping customerscreen_reactjs.exe
2024-08-22 18:35:44 - ProcessKill 1324
2024-08-22 18:35:44 - Shutdown exception
Message:A system shutdown is in progress.

Stacktrace:   at System.Runtime.InteropServices.Marshal.ThrowExceptionForHRInternal(Int32 errorCode, IntPtr errorInfo)
   at System.Management.ManagementScope.InitializeGuts(Object o)
   at System.Management.ManagementScope.Initialize()
   at System.Management.ManagementObjectSearcher.Initialize()
   at System.Management.ManagementObjectSearcher.Get()
   at winsw.WrapperService.GetChildPids(Int32 pid)
   at winsw.WrapperService.StopProcessAndChildren(Int32 pid)
   at winsw.WrapperService.StopIt()
   at winsw.WrapperService.OnShutdown()
2024-08-22 18:38:38 - Starting C:\Program Files\nodejs\node.exe  --harmony D:\customer_screen\node_modules\node-windows\lib\wrapper.js --file D:\customer_screen\startProject.js --scriptoptions= --log "customerScreen_reactjs wrapper" --grow 0.25 --wait 1 --maxrestarts 3 --abortonerror n --stopparentfirst undefined
2024-08-22 18:38:38 - Started 7500
